c:\users\user\documents\pph projects\ben - creation of c# interface for c++ library\15\lib_cpp-master\src\clrwrapper2\debug\clrwrapper2.pch
c:\users\user\documents\pph projects\ben - creation of c# interface for c++ library\15\lib_cpp-master\src\clrwrapper2\debug\vc140.pdb
c:\users\user\documents\pph projects\ben - creation of c# interface for c++ library\15\lib_cpp-master\src\clrwrapper2\debug\stdafx.obj
c:\users\user\documents\pph projects\ben - creation of c# interface for c++ library\15\lib_cpp-master\src\clrwrapper2\debug\verticalservicewrapper.obj
c:\users\user\documents\pph projects\ben - creation of c# interface for c++ library\15\lib_cpp-master\src\clrwrapper2\debug\verticalclientwrapper.obj
c:\users\user\documents\pph projects\ben - creation of c# interface for c++ library\15\lib_cpp-master\src\clrwrapper2\debug\test.obj
c:\users\user\documents\pph projects\ben - creation of c# interface for c++ library\15\lib_cpp-master\src\clrwrapper2\debug\downstreamwrapper.obj
c:\users\user\documents\pph projects\ben - creation of c# interface for c++ library\15\lib_cpp-master\src\clrwrapper2\debug\configurationservicewrapper.obj
c:\users\user\documents\pph projects\ben - creation of c# interface for c++ library\15\lib_cpp-master\src\clrwrapper2\debug\clrwrapper2.obj
c:\users\user\documents\pph projects\ben - creation of c# interface for c++ library\15\lib_cpp-master\src\clrwrapper2\debug\assemblyinfo.obj
c:\users\user\documents\pph projects\ben - creation of c# interface for c++ library\15\lib_cpp-master\src\clrwrapper2\debug\upstreamwrapper.obj
c:\users\user\documents\pph projects\ben - creation of c# interface for c++ library\15\lib_cpp-master\src\clrwrapper2\debug\.netframework,version=v4.5.2.assemblyattributes.obj
c:\users\user\documents\pph projects\ben - creation of c# interface for c++ library\15\lib_cpp-master\src\clrwrapper2\debug\.netframework,version=v4.5.2.assemblyattributes.asm
c:\users\user\documents\pph projects\ben - creation of c# interface for c++ library\15\lib_cpp-master\src\clrwrapper2\debug\vcpkg.applocal.log
c:\users\user\documents\pph projects\ben - creation of c# interface for c++ library\15\lib_cpp-master\src\debug\clrwrapper2.dll
c:\users\user\documents\pph projects\ben - creation of c# interface for c++ library\15\lib_cpp-master\src\debug\clrwrapper2.pdb
c:\users\user\documents\pph projects\ben - creation of c# interface for c++ library\15\lib_cpp-master\src\clrwrapper2\debug\app.res
c:\users\user\documents\pph projects\ben - creation of c# interface for c++ library\15\lib_cpp-master\src\clrwrapper2\debug\clrwrapper2.tlog\cl.command.1.tlog
c:\users\user\documents\pph projects\ben - creation of c# interface for c++ library\15\lib_cpp-master\src\clrwrapper2\debug\clrwrapper2.tlog\cl.read.1.tlog
c:\users\user\documents\pph projects\ben - creation of c# interface for c++ library\15\lib_cpp-master\src\clrwrapper2\debug\clrwrapper2.tlog\cl.write.1.tlog
c:\users\user\documents\pph projects\ben - creation of c# interface for c++ library\15\lib_cpp-master\src\clrwrapper2\debug\clrwrapper2.tlog\clrwrapper2.write.1u.tlog
c:\users\user\documents\pph projects\ben - creation of c# interface for c++ library\15\lib_cpp-master\src\clrwrapper2\debug\clrwrapper2.tlog\link.command.1.tlog
c:\users\user\documents\pph projects\ben - creation of c# interface for c++ library\15\lib_cpp-master\src\clrwrapper2\debug\clrwrapper2.tlog\link.read.1.tlog
c:\users\user\documents\pph projects\ben - creation of c# interface for c++ library\15\lib_cpp-master\src\clrwrapper2\debug\clrwrapper2.tlog\link.write.1.tlog
c:\users\user\documents\pph projects\ben - creation of c# interface for c++ library\15\lib_cpp-master\src\clrwrapper2\debug\clrwrapper2.tlog\metagen.read.1.tlog
c:\users\user\documents\pph projects\ben - creation of c# interface for c++ library\15\lib_cpp-master\src\clrwrapper2\debug\clrwrapper2.tlog\metagen.write.1.tlog
c:\users\user\documents\pph projects\ben - creation of c# interface for c++ library\15\lib_cpp-master\src\clrwrapper2\debug\clrwrapper2.tlog\rc.command.1.tlog
c:\users\user\documents\pph projects\ben - creation of c# interface for c++ library\15\lib_cpp-master\src\clrwrapper2\debug\clrwrapper2.tlog\rc.read.1.tlog
c:\users\user\documents\pph projects\ben - creation of c# interface for c++ library\15\lib_cpp-master\src\clrwrapper2\debug\clrwrapper2.tlog\rc.write.1.tlog
c:\users\user\documents\pph projects\ben - creation of c# interface for c++ library\15\lib_cpp-master\src\clrwrapper2\debug\clrwrapper2.tlog\tzres.dll.bi
